<?xml version="1.0" encoding="UTF-8"?>
<!DOCTYPE suite SYSTEM "http://testng.org/testng-1.0.dtd">

<suite name="Full suite">

    <listeners>
        <listener class-name="listener.Listener" />
        <listener class-name="org.uncommons.reportng.HTMLReporter"/>
        <listener class-name="org.uncommons.reportng.JUnitXMLReporter"/>
    </listeners>

    <test name="ItemValidationTest">
        <classes>
            <class name="qa.ItemValidationTest"/>
        </classes>
    </test>

</suite>