<!DOCTYPE suite SYSTEM "http://testng.org/testng-1.0.dtd" >

<suite name="Suite1" verbose="1" >
    <test name="G" >
        <classes>
            <class name="qa.UserRegistrationTest"/>
            <class name="qa.AddNewItemTest"/>
        </classes>
    </test>
</suite>
